   snd    1.000      S      0    0      0
   rcv   19.000     SA      0    0      1
   snd   19.000      S      0    0      1
   snd   20.000      D      1   56      1
   snd   22.000      D     57   56      1
 pdrop   22.000      D      2   56     57
   snd   22.000      D    113   56      1
 pdrop   23.000      D      4   56    113
   snd   23.000      D    169   56      1
 pdrop   23.000      D      6   56    169
 pdrop   24.000      D    225   56      1
 pdrop   24.000      D      8   56    225
 pdrop   24.000      D    281   56      1
   snd   26.000      D    337   56      1
 pdrop   27.000      D      9   56    225
   snd   27.000      D    393   56      1
 pdrop   27.000      D     10   56    225
   snd   28.000      D    449   56      1
 pdrop   28.000      D     11   56    225
   snd   28.000      D    225   56      1
 pdrop   29.000      D     13   56    281
 pdrop   29.000      D    281   56      1
   snd   30.000      D    337   56      1
   snd   32.000      D    393   56      1
 pdrop   33.000      D    449   56      1
 pdrop   34.000      D    505   56      1
 pdrop   36.000      D    561   56      1
 pdrop   37.000      D    617   56      1
   snd   38.000      D    673   56      1
 pdrop   39.000      D     14   56    281
   snd   39.000      D    729   56      1
 pdrop   40.000      D     15   56    281
 pdrop   40.000      D    785   56      1
   snd  130.000      D    281   56      1
 pdrop  130.000      D     17   56    337
   snd  130.000      D    337   56      1
 pdrop  131.000      D     19   56    393
   snd  131.000      D    393   56      1
 pdrop  131.000      D     21   56    449
   snd  131.000      D    449   56      1
 pdrop  131.000      D     23   56    505
   snd  132.000      D    505   56      1
 pdrop  132.000      D     25   56    561
   snd  132.000      D    561   56      1
 pdrop  133.000      D     27   56    617
   snd  133.000      D    617   56      1
 pdrop  133.000      D     29   56    673
 pdrop  133.000      D    673   56      1
 pdrop  134.000      D     31   56    729
   snd  134.000      D    729   56      1
 pdrop  134.000      D     33   56    785
   snd  134.000      D    785   56      1
 pdrop  135.000      D     35   56    841
   snd  135.000      D    841   56      1
 pdrop  135.000      D     37   56    897
 pdrop  135.000      D    897   56      1
 pdrop  137.000      D    953   56      1
   snd  138.000      D   1009   56      1
 pdrop  138.000      D     38   56    897
   snd  139.000      D    897   56      1
 pdrop  139.000      D     40   56    953
   snd  139.000      D    953   56      1
 pdrop  139.000      D     42   56   1009
 pdrop  140.000      D   1009   56      1
 pdrop  140.000      D     44   56   1065
   snd  140.000      D   1065   56      1
 pdrop  140.000      D     46   56   1121
 pdrop  141.000      D   1121   56      1
   snd  142.000      D   1177   56      1
 pdrop  143.000      D     47   56   1121
 pdrop  143.000      D   1233   56      1
 pdrop  144.000      D   1289   56      1
   snd  145.000      D   1345   56      1
 pdrop  146.000      D     48   56   1121
   snd  146.000      D   1401   56      1
 pdrop  147.000      D     49   56   1121
   snd  147.000      D   1121   56      1
 pdrop  147.000      D     51   56   1177
 pdrop  148.000      D   1177   56      1
 pdrop  148.000      D     53   56   1233
   snd  148.000      D   1233   56      1
 pdrop  148.000      D     55   56   1289
   snd  149.000      D   1289   56      1
 pdrop  149.000      D     57   56   1345
   snd  149.000      D   1345   56      1
 pdrop  149.000      D     59   56   1401
   snd  150.000      D   1401   56      1
 pdrop  150.000      D     61   56   1457
   snd  150.000      D   1457   56      1
 pdrop  150.000      D     63   56   1513
 pdrop  150.000      D   1513   56      1
   snd  151.000      D   1569   56      1
 pdrop  152.000      D     64   56   1513
   snd  152.000      D   1625   56      1
 pdrop  152.000      D     65   56   1513
   snd  153.000      D   1681   56      1
 pdrop  153.000      D     66   56   1513
   snd  153.000      D   1513   56      1
 pdrop  153.000      D     68   56   1569
   snd  154.000      D   1569   56      1
 pdrop  154.000      D     70   56   1625
 pdrop  154.000      D   1625   56      1
 pdrop  154.000      D     72   56   1681
   snd  154.000      D   1681   56      1
 pdrop  154.000      D     74   56   1737
   snd  154.000      D   1737   56      1
 pdrop  155.000      D     76   56   1793
   snd  155.000      D   1793   56      1
 pdrop  155.000      D     78   56   1849
 pdrop  156.000      D   1849   56      1
   snd  157.000      D   1905   50      1
 pdrop  157.000      D     79   56   1849
   snd  256.000      D   1849   56      1
 pdrop  257.000      D     81   56   1905
   snd  257.000      D   1905   50      1
 pdrop  257.000      D     83   56   1961
   snd  257.000      F   1905    0      1
 pdrop  257.000      D     84   56   1905
 pdrop  257.000      D     86   56   1905
   snd  258.000      F   1905    0     87
Amount of (original) Data Transferred (in bytes) :    3628 
Number of Data Segments Sent (excluding retransmissions) :      35 
Number of (all) Packets Dropped (by the PLD module) :      19 
Number of Retransmitted Segments :      14 
Number of Duplicate Acknowledgements received :      13 
