   rcv 2490.000     SA      0    0      0
   rcv 2508.000     SA      1    0      1
   rcv 2544.000      D     57   56      1
   snd 2545.000      A      1    0      1
   rcv 2546.000      D    113   56      1
   snd 2546.000      A      1    0      1
   rcv 2546.000      D    225   56      1
   snd 2547.000      A      1    0      1
   rcv 2547.000      D    281   56      1
   rcv 2547.000      D    337   56      1
   rcv 2547.000      D    449   56      1
   rcv 2548.000      D    505   56      1
   rcv 2549.000      D    113   56      1
   rcv 2551.000      D    169   56      1
   rcv 2552.000      D    225   56      1
   rcv 2553.000      D    281   56      1
   rcv 2555.000      D    337   56      1
   rcv 2556.000      D    393   56      1
   rcv 2559.000      D    505   56      1
   rcv 2648.000      D      1   56      1
   snd 2648.000      D     57    0      1
   snd 2648.000      D    113    0      1
   snd 2649.000      D    169    0      1
   snd 2649.000      D    225    0      1
   snd 2649.000      D    281    0      1
   snd 2650.000      D    337    0      1
   snd 2650.000      D    393    0      1
   snd 2650.000      D    449    0      1
   snd 2650.000      D    505    0      1
   snd 2650.000      D    561    0      1
   rcv 2650.000      D     57   56      1
   rcv 2651.000      D    169   56      1
   rcv 2651.000      D    225   56      1
   rcv 2651.000      D    393   56      1
   rcv 2651.000      D    449   56      1
   rcv 2651.000      D    505   56      1
   rcv 2652.000      D    561   56      1
   snd 2652.000      D    617    0      1
   rcv 2652.000      D    617   56      1
   snd 2652.000      D    673    0      1
   rcv 2653.000      D    673   56      1
   snd 2653.000      D    729    0      1
   rcv 2653.000      D    729   56      1
   snd 2653.000      D    785    0      1
   rcv 2655.000      D    841   56      1
   snd 2655.000      A    785    0      1
   rcv 2656.000      D    897   56      1
   snd 2656.000      A    785    0      1
   rcv 2656.000      D    953   56      1
   snd 2656.000      A    785    0      1
   rcv 2657.000      D    785   56      1
   snd 2657.000      D    841    0      1
   snd 2657.000      D    897    0      1
   snd 2657.000      D    953    0      1
   snd 2657.000      D   1009    0      1
   rcv 2658.000      D    841   56      1
   rcv 2658.000      D    897   56      1
   rcv 2658.000      D    953   56      1
   rcv 2658.000      D   1009   56      1
   snd 2659.000      D   1065    0      1
   rcv 2659.000      D   1065   56      1
   snd 2659.000      D   1121    0      1
   rcv 2659.000      D   1121   56      1
   snd 2659.000      D   1177    0      1
   rcv 2660.000      D   1177   56      1
   snd 2660.000      D   1233    0      1
   rcv 2660.000      D   1233   56      1
   snd 2660.000      D   1289    0      1
   rcv 2661.000      D   1289   56      1
   snd 2661.000      D   1345    0      1
   rcv 2661.000      D   1345   56      1
   snd 2661.000      D   1401    0      1
   rcv 2663.000      D   1457   56      1
   snd 2664.000      A   1401    0      1
   rcv 2665.000      D   1513   56      1
   snd 2665.000      A   1401    0      1
   rcv 2665.000      D   1569   56      1
   snd 2665.000      A   1401    0      1
   rcv 2666.000      D   1401   56      1
   snd 2666.000      D   1457    0      1
   snd 2666.000      D   1513    0      1
   snd 2666.000      D   1569    0      1
   snd 2666.000      D   1625    0      1
   rcv 2666.000      D   1457   56      1
   rcv 2667.000      D   1625   56      1
   snd 2668.000      D   1681    0      1
   rcv 2669.000      D   1737   56      1
   snd 2669.000      A   1681    0      1
   rcv 2671.000      D   1849   56      1
   snd 2671.000      A   1681    0      1
   rcv 2671.000      D   1905   50      1
   snd 2672.000      A   1681    0      1
   rcv 2672.000      D   1681   56      1
   snd 2672.000      D   1737    0      1
   snd 2672.000      D   1793    0      1
   rcv 2672.000      D   1737   56      1
   rcv 2673.000      D   1793   56      1
   snd 2673.000      D   1849    0      1
   snd 2673.000      D   1905    0      1
   snd 2673.000      D   1961    0      1
   rcv 2673.000      D   1849   56      1
   snd 2674.000      A   1961    0     82
   snd 2674.000     FA   1961    0     82
   snd 2674.000      A   1961    0     86
Amount of (original) Data Received (in bytes) :    2906 
Number of (original) Data Segments Received :      52 
Number of duplicate segments received (if any) :       0 
